Analysis & Synthesis report for TP2_Affichag_VGA_DE10-Lite
Wed Mar 27 11:01:20 2019
Quartus Prime Version 18.1.0 Build 625 09/12/2018 SJ Lite Edition


---------------------
; Table of Contents ;
---------------------
  1. Legal Notice
  2. Analysis & Synthesis Summary
  3. Analysis & Synthesis Settings
  4. Parallel Compilation
  5. Analysis & Synthesis Source Files Read
  6. Analysis & Synthesis Resource Usage Summary
  7. Analysis & Synthesis Resource Utilization by Entity
  8. Analysis & Synthesis IP Cores Summary
  9. Registers Removed During Synthesis
 10. General Register Statistics
 11. Inverted Register Statistics
 12. Multiplexer Restructuring Statistics (Restructuring Performed)
 13. Parameter Settings for User Entity Instance: VGA_Audio_PLL:U2|altpll:altpll_component
 14. altpll Parameter Settings by Entity Instance
 15. Port Connectivity Checks: "VGA_Audio_PLL:U2"
 16. Post-Synthesis Netlist Statistics for Top Partition
 17. Elapsed Time Per Partition
 18. Analysis & Synthesis Messages



----------------
; Legal Notice ;
----------------
Copyright (C) 2018  Intel Corporation. All rights reserved.
Your use of Intel Corporation's design tools, logic functions 
and other software and tools, and its AMPP partner logic 
functions, and any output files from any of the foregoing 
(including device programming or simulation files), and any 
associated documentation or information are expressly subject 
to the terms and conditions of the Intel Program License 
Subscription Agreement, the Intel Quartus Prime License Agreement,
the Intel FPGA IP License Agreement, or other applicable license
agreement, including, without limitation, that your use is for
the sole purpose of programming logic devices manufactured by
Intel and sold by Intel or its authorized distributors.  Please
refer to the applicable agreement for further details.



+----------------------------------------------------------------------------------+
; Analysis & Synthesis Summary                                                     ;
+------------------------------------+---------------------------------------------+
; Analysis & Synthesis Status        ; Successful - Wed Mar 27 11:01:20 2019       ;
; Quartus Prime Version              ; 18.1.0 Build 625 09/12/2018 SJ Lite Edition ;
; Revision Name                      ; TP2_Affichag_VGA_DE10-Lite                  ;
; Top-level Entity Name              ; top_level                                   ;
; Family                             ; MAX 10                                      ;
; Total logic elements               ; 93                                          ;
;     Total combinational functions  ; 93                                          ;
;     Dedicated logic registers      ; 25                                          ;
; Total registers                    ; 25                                          ;
; Total pins                         ; 27                                          ;
; Total virtual pins                 ; 0                                           ;
; Total memory bits                  ; 0                                           ;
; Embedded Multiplier 9-bit elements ; 0                                           ;
; Total PLLs                         ; 1                                           ;
; UFM blocks                         ; 0                                           ;
; ADC blocks                         ; 0                                           ;
+------------------------------------+---------------------------------------------+


+--------------------------------------------------------------------------------------------------------------------+
; Analysis & Synthesis Settings                                                                                      ;
+------------------------------------------------------------------+--------------------+----------------------------+
; Option                                                           ; Setting            ; Default Value              ;
+------------------------------------------------------------------+--------------------+----------------------------+
; Device                                                           ; 10M50DAF484C6GES   ;                            ;
; Top-level entity name                                            ; top_level          ; TP2_Affichag_VGA_DE10-Lite ;
; Family name                                                      ; MAX 10             ; Cyclone V                  ;
; Use smart compilation                                            ; Off                ; Off                        ;
; Enable parallel Assembler and Timing Analyzer during compilation ; On                 ; On                         ;
; Enable compact report table                                      ; Off                ; Off                        ;
; Restructure Multiplexers                                         ; Auto               ; Auto                       ;
; Create Debugging Nodes for IP Cores                              ; Off                ; Off                        ;
; Preserve fewer node names                                        ; On                 ; On                         ;
; Intel FPGA IP Evaluation Mode                                    ; Enable             ; Enable                     ;
; Verilog Version                                                  ; Verilog_2001       ; Verilog_2001               ;
; VHDL Version                                                     ; VHDL_1993          ; VHDL_1993                  ;
; State Machine Processing                                         ; Auto               ; Auto                       ;
; Safe State Machine                                               ; Off                ; Off                        ;
; Extract Verilog State Machines                                   ; On                 ; On                         ;
; Extract VHDL State Machines                                      ; On                 ; On                         ;
; Ignore Verilog initial constructs                                ; Off                ; Off                        ;
; Iteration limit for constant Verilog loops                       ; 5000               ; 5000                       ;
; Iteration limit for non-constant Verilog loops                   ; 250                ; 250                        ;
; Add Pass-Through Logic to Inferred RAMs                          ; On                 ; On                         ;
; Infer RAMs from Raw Logic                                        ; On                 ; On                         ;
; Parallel Synthesis                                               ; On                 ; On                         ;
; DSP Block Balancing                                              ; Auto               ; Auto                       ;
; NOT Gate Push-Back                                               ; On                 ; On                         ;
; Power-Up Don't Care                                              ; On                 ; On                         ;
; Remove Redundant Logic Cells                                     ; Off                ; Off                        ;
; Remove Duplicate Registers                                       ; On                 ; On                         ;
; Ignore CARRY Buffers                                             ; Off                ; Off                        ;
; Ignore CASCADE Buffers                                           ; Off                ; Off                        ;
; Ignore GLOBAL Buffers                                            ; Off                ; Off                        ;
; Ignore ROW GLOBAL Buffers                                        ; Off                ; Off                        ;
; Ignore LCELL Buffers                                             ; Off                ; Off                        ;
; Ignore SOFT Buffers                                              ; On                 ; On                         ;
; Limit AHDL Integers to 32 Bits                                   ; Off                ; Off                        ;
; Optimization Technique                                           ; Balanced           ; Balanced                   ;
; Carry Chain Length                                               ; 70                 ; 70                         ;
; Auto Carry Chains                                                ; On                 ; On                         ;
; Auto Open-Drain Pins                                             ; On                 ; On                         ;
; Perform WYSIWYG Primitive Resynthesis                            ; Off                ; Off                        ;
; Auto ROM Replacement                                             ; On                 ; On                         ;
; Auto RAM Replacement                                             ; On                 ; On                         ;
; Auto DSP Block Replacement                                       ; On                 ; On                         ;
; Auto Shift Register Replacement                                  ; Auto               ; Auto                       ;
; Allow Shift Register Merging across Hierarchies                  ; Auto               ; Auto                       ;
; Auto Clock Enable Replacement                                    ; On                 ; On                         ;
; Strict RAM Replacement                                           ; Off                ; Off                        ;
; Allow Synchronous Control Signals                                ; On                 ; On                         ;
; Force Use of Synchronous Clear Signals                           ; Off                ; Off                        ;
; Auto RAM Block Balancing                                         ; On                 ; On                         ;
; Auto RAM to Logic Cell Conversion                                ; Off                ; Off                        ;
; Auto Resource Sharing                                            ; Off                ; Off                        ;
; Allow Any RAM Size For Recognition                               ; Off                ; Off                        ;
; Allow Any ROM Size For Recognition                               ; Off                ; Off                        ;
; Allow Any Shift Register Size For Recognition                    ; Off                ; Off                        ;
; Use LogicLock Constraints during Resource Balancing              ; On                 ; On                         ;
; Ignore translate_off and synthesis_off directives                ; Off                ; Off                        ;
; Timing-Driven Synthesis                                          ; On                 ; On                         ;
; Report Parameter Settings                                        ; On                 ; On                         ;
; Report Source Assignments                                        ; On                 ; On                         ;
; Report Connectivity Checks                                       ; On                 ; On                         ;
; Ignore Maximum Fan-Out Assignments                               ; Off                ; Off                        ;
; Synchronization Register Chain Length                            ; 2                  ; 2                          ;
; Power Optimization During Synthesis                              ; Normal compilation ; Normal compilation         ;
; HDL message level                                                ; Level2             ; Level2                     ;
; Suppress Register Optimization Related Messages                  ; Off                ; Off                        ;
; Number of Removed Registers Reported in Synthesis Report         ; 5000               ; 5000                       ;
; Number of Swept Nodes Reported in Synthesis Report               ; 5000               ; 5000                       ;
; Number of Inverted Registers Reported in Synthesis Report        ; 100                ; 100                        ;
; Clock MUX Protection                                             ; On                 ; On                         ;
; Auto Gated Clock Conversion                                      ; Off                ; Off                        ;
; Block Design Naming                                              ; Auto               ; Auto                       ;
; SDC constraint protection                                        ; Off                ; Off                        ;
; Synthesis Effort                                                 ; Auto               ; Auto                       ;
; Shift Register Replacement - Allow Asynchronous Clear Signal     ; On                 ; On                         ;
; Pre-Mapping Resynthesis Optimization                             ; Off                ; Off                        ;
; Analysis & Synthesis Message Level                               ; Medium             ; Medium                     ;
; Disable Register Merging Across Hierarchies                      ; Auto               ; Auto                       ;
; Resource Aware Inference For Block RAM                           ; On                 ; On                         ;
+------------------------------------------------------------------+--------------------+----------------------------+


+------------------------------------------+
; Parallel Compilation                     ;
+----------------------------+-------------+
; Processors                 ; Number      ;
+----------------------------+-------------+
; Number detected on machine ; 4           ;
; Maximum allowed            ; 2           ;
;                            ;             ;
; Average used               ; 1.00        ;
; Maximum used               ; 2           ;
;                            ;             ;
; Usage by Processor         ; % Time Used ;
;     Processor 1            ; 100.0%      ;
;     Processor 2            ;   0.0%      ;
+----------------------------+-------------+


+--------------------------------------------------------------------------------------------------------------------------------------------------------------------------------------------------+
; Analysis & Synthesis Source Files Read                                                                                                                                                           ;
+----------------------------------+-----------------+------------------------------+----------------------------------------------------------------------------------------------------+---------+
; File Name with User-Entered Path ; Used in Netlist ; File Type                    ; File Name with Absolute Path                                                                       ; Library ;
+----------------------------------+-----------------+------------------------------+----------------------------------------------------------------------------------------------------+---------+
; ../src/VGA_Audio_PLL.v           ; yes             ; User Wizard-Generated File   ; C:/Users/coren/Documents/GitHub/VHDL-TP2/TP2_Affichage_VGA_DE10-Lite/src/VGA_Audio_PLL.v           ;         ;
; ../src/top_level.vhd             ; yes             ; User VHDL File               ; C:/Users/coren/Documents/GitHub/VHDL-TP2/TP2_Affichage_VGA_DE10-Lite/src/top_level.vhd             ;         ;
; ../src/syncVH.vhd                ; yes             ; User VHDL File               ; C:/Users/coren/Documents/GitHub/VHDL-TP2/TP2_Affichage_VGA_DE10-Lite/src/syncVH.vhd                ;         ;
; ../src/SyncGen.vhd               ; yes             ; User VHDL File               ; C:/Users/coren/Documents/GitHub/VHDL-TP2/TP2_Affichage_VGA_DE10-Lite/src/SyncGen.vhd               ;         ;
; ../src/interface_vga.vhd         ; yes             ; User VHDL File               ; C:/Users/coren/Documents/GitHub/VHDL-TP2/TP2_Affichage_VGA_DE10-Lite/src/interface_vga.vhd         ;         ;
; ../src/countVH.vhd               ; yes             ; User VHDL File               ; C:/Users/coren/Documents/GitHub/VHDL-TP2/TP2_Affichage_VGA_DE10-Lite/src/countVH.vhd               ;         ;
; ../src/colours.vhd               ; yes             ; User VHDL File               ; C:/Users/coren/Documents/GitHub/VHDL-TP2/TP2_Affichage_VGA_DE10-Lite/src/colours.vhd               ;         ;
; altpll.tdf                       ; yes             ; Megafunction                 ; c:/intelfpga_lite/18.1/quartus/libraries/megafunctions/altpll.tdf                                  ;         ;
; aglobal181.inc                   ; yes             ; Megafunction                 ; c:/intelfpga_lite/18.1/quartus/libraries/megafunctions/aglobal181.inc                              ;         ;
; stratix_pll.inc                  ; yes             ; Megafunction                 ; c:/intelfpga_lite/18.1/quartus/libraries/megafunctions/stratix_pll.inc                             ;         ;
; stratixii_pll.inc                ; yes             ; Megafunction                 ; c:/intelfpga_lite/18.1/quartus/libraries/megafunctions/stratixii_pll.inc                           ;         ;
; cycloneii_pll.inc                ; yes             ; Megafunction                 ; c:/intelfpga_lite/18.1/quartus/libraries/megafunctions/cycloneii_pll.inc                           ;         ;
; db/vga_audio_pll_altpll.v        ; yes             ; Auto-Generated Megafunction  ; C:/Users/coren/Documents/GitHub/VHDL-TP2/TP2_Affichage_VGA_DE10-Lite/fit/db/vga_audio_pll_altpll.v ;         ;
+----------------------------------+-----------------+------------------------------+----------------------------------------------------------------------------------------------------+---------+


+---------------------------------------------------------------------------------------------------------------------------------------------+
; Analysis & Synthesis Resource Usage Summary                                                                                                 ;
+---------------------------------------------+-----------------------------------------------------------------------------------------------+
; Resource                                    ; Usage                                                                                         ;
+---------------------------------------------+-----------------------------------------------------------------------------------------------+
; Estimated Total logic elements              ; 93                                                                                            ;
;                                             ;                                                                                               ;
; Total combinational functions               ; 93                                                                                            ;
; Logic element usage by number of LUT inputs ;                                                                                               ;
;     -- 4 input functions                    ; 51                                                                                            ;
;     -- 3 input functions                    ; 5                                                                                             ;
;     -- <=2 input functions                  ; 37                                                                                            ;
;                                             ;                                                                                               ;
; Logic elements by mode                      ;                                                                                               ;
;     -- normal mode                          ; 75                                                                                            ;
;     -- arithmetic mode                      ; 18                                                                                            ;
;                                             ;                                                                                               ;
; Total registers                             ; 25                                                                                            ;
;     -- Dedicated logic registers            ; 25                                                                                            ;
;     -- I/O registers                        ; 0                                                                                             ;
;                                             ;                                                                                               ;
; I/O pins                                    ; 27                                                                                            ;
;                                             ;                                                                                               ;
; Embedded Multiplier 9-bit elements          ; 0                                                                                             ;
;                                             ;                                                                                               ;
; Total PLLs                                  ; 1                                                                                             ;
;     -- PLLs                                 ; 1                                                                                             ;
;                                             ;                                                                                               ;
; Maximum fan-out node                        ; VGA_Audio_PLL:U2|altpll:altpll_component|VGA_Audio_PLL_altpll:auto_generated|wire_pll1_clk[0] ;
; Maximum fan-out                             ; 26                                                                                            ;
; Total fan-out                               ; 423                                                                                           ;
; Average fan-out                             ; 2.45                                                                                          ;
+---------------------------------------------+-----------------------------------------------------------------------------------------------+


+-------------------------------------------------------------------------------------------------------------------------------------------------------------------------------------------------------------------------------------------------------------------------------------------------------------------------------------+
; Analysis & Synthesis Resource Utilization by Entity                                                                                                                                                                                                                                                                                 ;
+------------------------------------------------+---------------------+---------------------------+-------------+------------+--------------+---------+-----------+------+--------------+------------+-----------------------------------------------------------------------------------------+----------------------+--------------+
; Compilation Hierarchy Node                     ; Combinational ALUTs ; Dedicated Logic Registers ; Memory Bits ; UFM Blocks ; DSP Elements ; DSP 9x9 ; DSP 18x18 ; Pins ; Virtual Pins ; ADC blocks ; Full Hierarchy Name                                                                     ; Entity Name          ; Library Name ;
+------------------------------------------------+---------------------+---------------------------+-------------+------------+--------------+---------+-----------+------+--------------+------------+-----------------------------------------------------------------------------------------+----------------------+--------------+
; |top_level                                     ; 93 (0)              ; 25 (0)                    ; 0           ; 0          ; 0            ; 0       ; 0         ; 27   ; 0            ; 0          ; |top_level                                                                              ; top_level            ; work         ;
;    |VGA_Audio_PLL:U2|                          ; 0 (0)               ; 0 (0)                     ; 0           ; 0          ; 0            ; 0       ; 0         ; 0    ; 0            ; 0          ; |top_level|VGA_Audio_PLL:U2                                                             ; VGA_Audio_PLL        ; work         ;
;       |altpll:altpll_component|                ; 0 (0)               ; 0 (0)                     ; 0           ; 0          ; 0            ; 0       ; 0         ; 0    ; 0            ; 0          ; |top_level|VGA_Audio_PLL:U2|altpll:altpll_component                                     ; altpll               ; work         ;
;          |VGA_Audio_PLL_altpll:auto_generated| ; 0 (0)               ; 0 (0)                     ; 0           ; 0          ; 0            ; 0       ; 0         ; 0    ; 0            ; 0          ; |top_level|VGA_Audio_PLL:U2|altpll:altpll_component|VGA_Audio_PLL_altpll:auto_generated ; VGA_Audio_PLL_altpll ; work         ;
;    |interface_vga:U1|                          ; 93 (0)              ; 25 (0)                    ; 0           ; 0          ; 0            ; 0       ; 0         ; 0    ; 0            ; 0          ; |top_level|interface_vga:U1                                                             ; interface_vga        ; work         ;
;       |SyncGen:s1|                             ; 39 (0)              ; 22 (0)                    ; 0           ; 0          ; 0            ; 0       ; 0         ; 0    ; 0            ; 0          ; |top_level|interface_vga:U1|SyncGen:s1                                                  ; SyncGen              ; work         ;
;          |SyncVH:svh|                          ; 5 (5)               ; 2 (2)                     ; 0           ; 0          ; 0            ; 0       ; 0         ; 0    ; 0            ; 0          ; |top_level|interface_vga:U1|SyncGen:s1|SyncVH:svh                                       ; SyncVH               ; work         ;
;          |countVH:cvh|                         ; 34 (34)             ; 20 (20)                   ; 0           ; 0          ; 0            ; 0       ; 0         ; 0    ; 0            ; 0          ; |top_level|interface_vga:U1|SyncGen:s1|countVH:cvh                                      ; countVH              ; work         ;
;       |colours:s0|                             ; 54 (54)             ; 3 (3)                     ; 0           ; 0          ; 0            ; 0       ; 0         ; 0    ; 0            ; 0          ; |top_level|interface_vga:U1|colours:s0                                                  ; colours              ; work         ;
+------------------------------------------------+---------------------+---------------------------+-------------+------------+--------------+---------+-----------+------+--------------+------------+-----------------------------------------------------------------------------------------+----------------------+--------------+
Note: For table entries with two numbers listed, the numbers in parentheses indicate the number of resources of the given type used by the specific entity alone. The numbers listed outside of parentheses indicate the total resources of the given type used by the specific entity and all of its sub-entities in the hierarchy.


+----------------------------------------------------------------------------------------------------------------------+
; Analysis & Synthesis IP Cores Summary                                                                                ;
+--------+--------------+---------+--------------+--------------+-----------------------------+------------------------+
; Vendor ; IP Core Name ; Version ; Release Date ; License Type ; Entity Instance             ; IP Include File        ;
+--------+--------------+---------+--------------+--------------+-----------------------------+------------------------+
; Altera ; ALTPLL       ; 18.1    ; N/A          ; N/A          ; |top_level|VGA_Audio_PLL:U2 ; ../src/VGA_Audio_PLL.v ;
+--------+--------------+---------+--------------+--------------+-----------------------------+------------------------+


+--------------------------------------------------------------------------------------------+
; Registers Removed During Synthesis                                                         ;
+-----------------------------------------+--------------------------------------------------+
; Register name                           ; Reason for Removal                               ;
+-----------------------------------------+--------------------------------------------------+
; interface_vga:U1|colours:s0|blue[1..3]  ; Merged with interface_vga:U1|colours:s0|blue[0]  ;
; interface_vga:U1|colours:s0|green[1..3] ; Merged with interface_vga:U1|colours:s0|green[0] ;
; interface_vga:U1|colours:s0|red[1..3]   ; Merged with interface_vga:U1|colours:s0|red[0]   ;
; Total Number of Removed Registers = 9   ;                                                  ;
+-----------------------------------------+--------------------------------------------------+


+------------------------------------------------------+
; General Register Statistics                          ;
+----------------------------------------------+-------+
; Statistic                                    ; Value ;
+----------------------------------------------+-------+
; Total registers                              ; 25    ;
; Number of registers using Synchronous Clear  ; 0     ;
; Number of registers using Synchronous Load   ; 0     ;
; Number of registers using Asynchronous Clear ; 25    ;
; Number of registers using Asynchronous Load  ; 0     ;
; Number of registers using Clock Enable       ; 13    ;
; Number of registers using Preset             ; 0     ;
+----------------------------------------------+-------+


+-----------------------------------------------------------+
; Inverted Register Statistics                              ;
+-------------------------------------------------+---------+
; Inverted Register                               ; Fan out ;
+-------------------------------------------------+---------+
; interface_vga:U1|SyncGen:s1|SyncVH:svh|ver_sync ; 1       ;
; interface_vga:U1|SyncGen:s1|SyncVH:svh|hor_sync ; 1       ;
; Total number of inverted registers = 2          ;         ;
+-------------------------------------------------+---------+


+--------------------------------------------------------------------------------------------------------------------------------------------------------------+
; Multiplexer Restructuring Statistics (Restructuring Performed)                                                                                               ;
+--------------------+-----------+---------------+----------------------+------------------------+------------+------------------------------------------------+
; Multiplexer Inputs ; Bus Width ; Baseline Area ; Area if Restructured ; Saving if Restructured ; Registered ; Example Multiplexer Output                     ;
+--------------------+-----------+---------------+----------------------+------------------------+------------+------------------------------------------------+
; 20:1               ; 3 bits    ; 39 LEs        ; 18 LEs               ; 21 LEs                 ; Yes        ; |top_level|interface_vga:U1|colours:s0|blue[0] ;
+--------------------+-----------+---------------+----------------------+------------------------+------------+------------------------------------------------+


+---------------------------------------------------------------------------------------+
; Parameter Settings for User Entity Instance: VGA_Audio_PLL:U2|altpll:altpll_component ;
+-------------------------------+---------------------------------+---------------------+
; Parameter Name                ; Value                           ; Type                ;
+-------------------------------+---------------------------------+---------------------+
; OPERATION_MODE                ; NORMAL                          ; Untyped             ;
; PLL_TYPE                      ; AUTO                            ; Untyped             ;
; LPM_HINT                      ; CBX_MODULE_PREFIX=VGA_Audio_PLL ; Untyped             ;
; QUALIFY_CONF_DONE             ; OFF                             ; Untyped             ;
; COMPENSATE_CLOCK              ; CLK0                            ; Untyped             ;
; SCAN_CHAIN                    ; LONG                            ; Untyped             ;
; PRIMARY_CLOCK                 ; INCLK0                          ; Untyped             ;
; INCLK0_INPUT_FREQUENCY        ; 20000                           ; Signed Integer      ;
; INCLK1_INPUT_FREQUENCY        ; 0                               ; Untyped             ;
; GATE_LOCK_SIGNAL              ; NO                              ; Untyped             ;
; GATE_LOCK_COUNTER             ; 0                               ; Untyped             ;
; LOCK_HIGH                     ; 1                               ; Untyped             ;
; LOCK_LOW                      ; 1                               ; Untyped             ;
; VALID_LOCK_MULTIPLIER         ; 1                               ; Untyped             ;
; INVALID_LOCK_MULTIPLIER       ; 5                               ; Untyped             ;
; SWITCH_OVER_ON_LOSSCLK        ; OFF                             ; Untyped             ;
; SWITCH_OVER_ON_GATED_LOCK     ; OFF                             ; Untyped             ;
; ENABLE_SWITCH_OVER_COUNTER    ; OFF                             ; Untyped             ;
; SKIP_VCO                      ; OFF                             ; Untyped             ;
; SWITCH_OVER_COUNTER           ; 0                               ; Untyped             ;
; SWITCH_OVER_TYPE              ; AUTO                            ; Untyped             ;
; FEEDBACK_SOURCE               ; EXTCLK0                         ; Untyped             ;
; BANDWIDTH                     ; 0                               ; Untyped             ;
; BANDWIDTH_TYPE                ; AUTO                            ; Untyped             ;
; SPREAD_FREQUENCY              ; 0                               ; Untyped             ;
; DOWN_SPREAD                   ; 0                               ; Untyped             ;
; SELF_RESET_ON_GATED_LOSS_LOCK ; OFF                             ; Untyped             ;
; SELF_RESET_ON_LOSS_LOCK       ; OFF                             ; Untyped             ;
; CLK9_MULTIPLY_BY              ; 0                               ; Untyped             ;
; CLK8_MULTIPLY_BY              ; 0                               ; Untyped             ;
; CLK7_MULTIPLY_BY              ; 0                               ; Untyped             ;
; CLK6_MULTIPLY_BY              ; 0                               ; Untyped             ;
; CLK5_MULTIPLY_BY              ; 1                               ; Untyped             ;
; CLK4_MULTIPLY_BY              ; 1                               ; Untyped             ;
; CLK3_MULTIPLY_BY              ; 1                               ; Untyped             ;
; CLK2_MULTIPLY_BY              ; 1                               ; Signed Integer      ;
; CLK1_MULTIPLY_BY              ; 1                               ; Signed Integer      ;
; CLK0_MULTIPLY_BY              ; 1                               ; Signed Integer      ;
; CLK9_DIVIDE_BY                ; 0                               ; Untyped             ;
; CLK8_DIVIDE_BY                ; 0                               ; Untyped             ;
; CLK7_DIVIDE_BY                ; 0                               ; Untyped             ;
; CLK6_DIVIDE_BY                ; 0                               ; Untyped             ;
; CLK5_DIVIDE_BY                ; 1                               ; Untyped             ;
; CLK4_DIVIDE_BY                ; 1                               ; Untyped             ;
; CLK3_DIVIDE_BY                ; 1                               ; Untyped             ;
; CLK2_DIVIDE_BY                ; 25                              ; Signed Integer      ;
; CLK1_DIVIDE_BY                ; 25                              ; Signed Integer      ;
; CLK0_DIVIDE_BY                ; 2                               ; Signed Integer      ;
; CLK9_PHASE_SHIFT              ; 0                               ; Untyped             ;
; CLK8_PHASE_SHIFT              ; 0                               ; Untyped             ;
; CLK7_PHASE_SHIFT              ; 0                               ; Untyped             ;
; CLK6_PHASE_SHIFT              ; 0                               ; Untyped             ;
; CLK5_PHASE_SHIFT              ; 0                               ; Untyped             ;
; CLK4_PHASE_SHIFT              ; 0                               ; Untyped             ;
; CLK3_PHASE_SHIFT              ; 0                               ; Untyped             ;
; CLK2_PHASE_SHIFT              ; 166667                          ; Untyped             ;
; CLK1_PHASE_SHIFT              ; 277778                          ; Untyped             ;
; CLK0_PHASE_SHIFT              ; 0                               ; Untyped             ;
; CLK5_TIME_DELAY               ; 0                               ; Untyped             ;
; CLK4_TIME_DELAY               ; 0                               ; Untyped             ;
; CLK3_TIME_DELAY               ; 0                               ; Untyped             ;
; CLK2_TIME_DELAY               ; 0                               ; Untyped             ;
; CLK1_TIME_DELAY               ; 0                               ; Untyped             ;
; CLK0_TIME_DELAY               ; 0                               ; Untyped             ;
; CLK9_DUTY_CYCLE               ; 50                              ; Untyped             ;
; CLK8_DUTY_CYCLE               ; 50                              ; Untyped             ;
; CLK7_DUTY_CYCLE               ; 50                              ; Untyped             ;
; CLK6_DUTY_CYCLE               ; 50                              ; Untyped             ;
; CLK5_DUTY_CYCLE               ; 50                              ; Untyped             ;
; CLK4_DUTY_CYCLE               ; 50                              ; Untyped             ;
; CLK3_DUTY_CYCLE               ; 50                              ; Untyped             ;
; CLK2_DUTY_CYCLE               ; 50                              ; Signed Integer      ;
; CLK1_DUTY_CYCLE               ; 50                              ; Signed Integer      ;
; CLK0_DUTY_CYCLE               ; 50                              ; Signed Integer      ;
; CLK9_USE_EVEN_COUNTER_MODE    ; OFF                             ; Untyped             ;
; CLK8_USE_EVEN_COUNTER_MODE    ; OFF                             ; Untyped             ;
; CLK7_USE_EVEN_COUNTER_MODE    ; OFF                             ; Untyped             ;
; CLK6_USE_EVEN_COUNTER_MODE    ; OFF                             ; Untyped             ;
; CLK5_USE_EVEN_COUNTER_MODE    ; OFF                             ; Untyped             ;
; CLK4_USE_EVEN_COUNTER_MODE    ; OFF                             ; Untyped             ;
; CLK3_USE_EVEN_COUNTER_MODE    ; OFF                             ; Untyped             ;
; CLK2_USE_EVEN_COUNTER_MODE    ; OFF                             ; Untyped             ;
; CLK1_USE_EVEN_COUNTER_MODE    ; OFF                             ; Untyped             ;
; CLK0_USE_EVEN_COUNTER_MODE    ; OFF                             ; Untyped             ;
; CLK9_USE_EVEN_COUNTER_VALUE   ; OFF                             ; Untyped             ;
; CLK8_USE_EVEN_COUNTER_VALUE   ; OFF                             ; Untyped             ;
; CLK7_USE_EVEN_COUNTER_VALUE   ; OFF                             ; Untyped             ;
; CLK6_USE_EVEN_COUNTER_VALUE   ; OFF                             ; Untyped             ;
; CLK5_USE_EVEN_COUNTER_VALUE   ; OFF                             ; Untyped             ;
; CLK4_USE_EVEN_COUNTER_VALUE   ; OFF                             ; Untyped             ;
; CLK3_USE_EVEN_COUNTER_VALUE   ; OFF                             ; Untyped             ;
; CLK2_USE_EVEN_COUNTER_VALUE   ; OFF                             ; Untyped             ;
; CLK1_USE_EVEN_COUNTER_VALUE   ; OFF                             ; Untyped             ;
; CLK0_USE_EVEN_COUNTER_VALUE   ; OFF                             ; Untyped             ;
; LOCK_WINDOW_UI                ;  0.05                           ; Untyped             ;
; LOCK_WINDOW_UI_BITS           ; UNUSED                          ; Untyped             ;
; VCO_RANGE_DETECTOR_LOW_BITS   ; UNUSED                          ; Untyped             ;
; VCO_RANGE_DETECTOR_HIGH_BITS  ; UNUSED                          ; Untyped             ;
; DPA_MULTIPLY_BY               ; 0                               ; Untyped             ;
; DPA_DIVIDE_BY                 ; 1                               ; Untyped             ;
; DPA_DIVIDER                   ; 0                               ; Untyped             ;
; EXTCLK3_MULTIPLY_BY           ; 1                               ; Untyped             ;
; EXTCLK2_MULTIPLY_BY           ; 1                               ; Untyped             ;
; EXTCLK1_MULTIPLY_BY           ; 1                               ; Untyped             ;
; EXTCLK0_MULTIPLY_BY           ; 1                               ; Untyped             ;
; EXTCLK3_DIVIDE_BY             ; 1                               ; Untyped             ;
; EXTCLK2_DIVIDE_BY             ; 1                               ; Untyped             ;
; EXTCLK1_DIVIDE_BY             ; 1                               ; Untyped             ;
; EXTCLK0_DIVIDE_BY             ; 1                               ; Untyped             ;
; EXTCLK3_PHASE_SHIFT           ; 0                               ; Untyped             ;
; EXTCLK2_PHASE_SHIFT           ; 0                               ; Untyped             ;
; EXTCLK1_PHASE_SHIFT           ; 0                               ; Untyped             ;
; EXTCLK0_PHASE_SHIFT           ; 0                               ; Untyped             ;
; EXTCLK3_TIME_DELAY            ; 0                               ; Untyped             ;
; EXTCLK2_TIME_DELAY            ; 0                               ; Untyped             ;
; EXTCLK1_TIME_DELAY            ; 0                               ; Untyped             ;
; EXTCLK0_TIME_DELAY            ; 0                               ; Untyped             ;
; EXTCLK3_DUTY_CYCLE            ; 50                              ; Untyped             ;
; EXTCLK2_DUTY_CYCLE            ; 50                              ; Untyped             ;
; EXTCLK1_DUTY_CYCLE            ; 50                              ; Untyped             ;
; EXTCLK0_DUTY_CYCLE            ; 50                              ; Untyped             ;
; VCO_MULTIPLY_BY               ; 0                               ; Untyped             ;
; VCO_DIVIDE_BY                 ; 0                               ; Untyped             ;
; SCLKOUT0_PHASE_SHIFT          ; 0                               ; Untyped             ;
; SCLKOUT1_PHASE_SHIFT          ; 0                               ; Untyped             ;
; VCO_MIN                       ; 0                               ; Untyped             ;
; VCO_MAX                       ; 0                               ; Untyped             ;
; VCO_CENTER                    ; 0                               ; Untyped             ;
; PFD_MIN                       ; 0                               ; Untyped             ;
; PFD_MAX                       ; 0                               ; Untyped             ;
; M_INITIAL                     ; 0                               ; Untyped             ;
; M                             ; 0                               ; Untyped             ;
; N                             ; 1                               ; Untyped             ;
; M2                            ; 1                               ; Untyped             ;
; N2                            ; 1                               ; Untyped             ;
; SS                            ; 1                               ; Untyped             ;
; C0_HIGH                       ; 0                               ; Untyped             ;
; C1_HIGH                       ; 0                               ; Untyped             ;
; C2_HIGH                       ; 0                               ; Untyped             ;
; C3_HIGH                       ; 0                               ; Untyped             ;
; C4_HIGH                       ; 0                               ; Untyped             ;
; C5_HIGH                       ; 0                               ; Untyped             ;
; C6_HIGH                       ; 0                               ; Untyped             ;
; C7_HIGH                       ; 0                               ; Untyped             ;
; C8_HIGH                       ; 0                               ; Untyped             ;
; C9_HIGH                       ; 0                               ; Untyped             ;
; C0_LOW                        ; 0                               ; Untyped             ;
; C1_LOW                        ; 0                               ; Untyped             ;
; C2_LOW                        ; 0                               ; Untyped             ;
; C3_LOW                        ; 0                               ; Untyped             ;
; C4_LOW                        ; 0                               ; Untyped             ;
; C5_LOW                        ; 0                               ; Untyped             ;
; C6_LOW                        ; 0                               ; Untyped             ;
; C7_LOW                        ; 0                               ; Untyped             ;
; C8_LOW                        ; 0                               ; Untyped             ;
; C9_LOW                        ; 0                               ; Untyped             ;
; C0_INITIAL                    ; 0                               ; Untyped             ;
; C1_INITIAL                    ; 0                               ; Untyped             ;
; C2_INITIAL                    ; 0                               ; Untyped             ;
; C3_INITIAL                    ; 0                               ; Untyped             ;
; C4_INITIAL                    ; 0                               ; Untyped             ;
; C5_INITIAL                    ; 0                               ; Untyped             ;
; C6_INITIAL                    ; 0                               ; Untyped             ;
; C7_INITIAL                    ; 0                               ; Untyped             ;
; C8_INITIAL                    ; 0                               ; Untyped             ;
; C9_INITIAL                    ; 0                               ; Untyped             ;
; C0_MODE                       ; BYPASS                          ; Untyped             ;
; C1_MODE                       ; BYPASS                          ; Untyped             ;
; C2_MODE                       ; BYPASS                          ; Untyped             ;
; C3_MODE                       ; BYPASS                          ; Untyped             ;
; C4_MODE                       ; BYPASS                          ; Untyped             ;
; C5_MODE                       ; BYPASS                          ; Untyped             ;
; C6_MODE                       ; BYPASS                          ; Untyped             ;
; C7_MODE                       ; BYPASS                          ; Untyped             ;
; C8_MODE                       ; BYPASS                          ; Untyped             ;
; C9_MODE                       ; BYPASS                          ; Untyped             ;
; C0_PH                         ; 0                               ; Untyped             ;
; C1_PH                         ; 0                               ; Untyped             ;
; C2_PH                         ; 0                               ; Untyped             ;
; C3_PH                         ; 0                               ; Untyped             ;
; C4_PH                         ; 0                               ; Untyped             ;
; C5_PH                         ; 0                               ; Untyped             ;
; C6_PH                         ; 0                               ; Untyped             ;
; C7_PH                         ; 0                               ; Untyped             ;
; C8_PH                         ; 0                               ; Untyped             ;
; C9_PH                         ; 0                               ; Untyped             ;
; L0_HIGH                       ; 1                               ; Untyped             ;
; L1_HIGH                       ; 1                               ; Untyped             ;
; G0_HIGH                       ; 1                               ; Untyped             ;
; G1_HIGH                       ; 1                               ; Untyped             ;
; G2_HIGH                       ; 1                               ; Untyped             ;
; G3_HIGH                       ; 1                               ; Untyped             ;
; E0_HIGH                       ; 1                               ; Untyped             ;
; E1_HIGH                       ; 1                               ; Untyped             ;
; E2_HIGH                       ; 1                               ; Untyped             ;
; E3_HIGH                       ; 1                               ; Untyped             ;
; L0_LOW                        ; 1                               ; Untyped             ;
; L1_LOW                        ; 1                               ; Untyped             ;
; G0_LOW                        ; 1                               ; Untyped             ;
; G1_LOW                        ; 1                               ; Untyped             ;
; G2_LOW                        ; 1                               ; Untyped             ;
; G3_LOW                        ; 1                               ; Untyped             ;
; E0_LOW                        ; 1                               ; Untyped             ;
; E1_LOW                        ; 1                               ; Untyped             ;
; E2_LOW                        ; 1                               ; Untyped             ;
; E3_LOW                        ; 1                               ; Untyped             ;
; L0_INITIAL                    ; 1                               ; Untyped             ;
; L1_INITIAL                    ; 1                               ; Untyped             ;
; G0_INITIAL                    ; 1                               ; Untyped             ;
; G1_INITIAL                    ; 1                               ; Untyped             ;
; G2_INITIAL                    ; 1                               ; Untyped             ;
; G3_INITIAL                    ; 1                               ; Untyped             ;
; E0_INITIAL                    ; 1                               ; Untyped             ;
; E1_INITIAL                    ; 1                               ; Untyped             ;
; E2_INITIAL                    ; 1                               ; Untyped             ;
; E3_INITIAL                    ; 1                               ; Untyped             ;
; L0_MODE                       ; BYPASS                          ; Untyped             ;
; L1_MODE                       ; BYPASS                          ; Untyped             ;
; G0_MODE                       ; BYPASS                          ; Untyped             ;
; G1_MODE                       ; BYPASS                          ; Untyped             ;
; G2_MODE                       ; BYPASS                          ; Untyped             ;
; G3_MODE                       ; BYPASS                          ; Untyped             ;
; E0_MODE                       ; BYPASS                          ; Untyped             ;
; E1_MODE                       ; BYPASS                          ; Untyped             ;
; E2_MODE                       ; BYPASS                          ; Untyped             ;
; E3_MODE                       ; BYPASS                          ; Untyped             ;
; L0_PH                         ; 0                               ; Untyped             ;
; L1_PH                         ; 0                               ; Untyped             ;
; G0_PH                         ; 0                               ; Untyped             ;
; G1_PH                         ; 0                               ; Untyped             ;
; G2_PH                         ; 0                               ; Untyped             ;
; G3_PH                         ; 0                               ; Untyped             ;
; E0_PH                         ; 0                               ; Untyped             ;
; E1_PH                         ; 0                               ; Untyped             ;
; E2_PH                         ; 0                               ; Untyped             ;
; E3_PH                         ; 0                               ; Untyped             ;
; M_PH                          ; 0                               ; Untyped             ;
; C1_USE_CASC_IN                ; OFF                             ; Untyped             ;
; C2_USE_CASC_IN                ; OFF                             ; Untyped             ;
; C3_USE_CASC_IN                ; OFF                             ; Untyped             ;
; C4_USE_CASC_IN                ; OFF                             ; Untyped             ;
; C5_USE_CASC_IN                ; OFF                             ; Untyped             ;
; C6_USE_CASC_IN                ; OFF                             ; Untyped             ;
; C7_USE_CASC_IN                ; OFF                             ; Untyped             ;
; C8_USE_CASC_IN                ; OFF                             ; Untyped             ;
; C9_USE_CASC_IN                ; OFF                             ; Untyped             ;
; CLK0_COUNTER                  ; G0                              ; Untyped             ;
; CLK1_COUNTER                  ; G0                              ; Untyped             ;
; CLK2_COUNTER                  ; G0                              ; Untyped             ;
; CLK3_COUNTER                  ; G0                              ; Untyped             ;
; CLK4_COUNTER                  ; G0                              ; Untyped             ;
; CLK5_COUNTER                  ; G0                              ; Untyped             ;
; CLK6_COUNTER                  ; E0                              ; Untyped             ;
; CLK7_COUNTER                  ; E1                              ; Untyped             ;
; CLK8_COUNTER                  ; E2                              ; Untyped             ;
; CLK9_COUNTER                  ; E3                              ; Untyped             ;
; L0_TIME_DELAY                 ; 0                               ; Untyped             ;
; L1_TIME_DELAY                 ; 0                               ; Untyped             ;
; G0_TIME_DELAY                 ; 0                               ; Untyped             ;
; G1_TIME_DELAY                 ; 0                               ; Untyped             ;
; G2_TIME_DELAY                 ; 0                               ; Untyped             ;
; G3_TIME_DELAY                 ; 0                               ; Untyped             ;
; E0_TIME_DELAY                 ; 0                               ; Untyped             ;
; E1_TIME_DELAY                 ; 0                               ; Untyped             ;
; E2_TIME_DELAY                 ; 0                               ; Untyped             ;
; E3_TIME_DELAY                 ; 0                               ; Untyped             ;
; M_TIME_DELAY                  ; 0                               ; Untyped             ;
; N_TIME_DELAY                  ; 0                               ; Untyped             ;
; EXTCLK3_COUNTER               ; E3                              ; Untyped             ;
; EXTCLK2_COUNTER               ; E2                              ; Untyped             ;
; EXTCLK1_COUNTER               ; E1                              ; Untyped             ;
; EXTCLK0_COUNTER               ; E0                              ; Untyped             ;
; ENABLE0_COUNTER               ; L0                              ; Untyped             ;
; ENABLE1_COUNTER               ; L0                              ; Untyped             ;
; CHARGE_PUMP_CURRENT           ; 2                               ; Untyped             ;
; LOOP_FILTER_R                 ;  1.000000                       ; Untyped             ;
; LOOP_FILTER_C                 ; 5                               ; Untyped             ;
; CHARGE_PUMP_CURRENT_BITS      ; 9999                            ; Untyped             ;
; LOOP_FILTER_R_BITS            ; 9999                            ; Untyped             ;
; LOOP_FILTER_C_BITS            ; 9999                            ; Untyped             ;
; VCO_POST_SCALE                ; 0                               ; Untyped             ;
; CLK2_OUTPUT_FREQUENCY         ; 0                               ; Untyped             ;
; CLK1_OUTPUT_FREQUENCY         ; 0                               ; Untyped             ;
; CLK0_OUTPUT_FREQUENCY         ; 0                               ; Untyped             ;
; INTENDED_DEVICE_FAMILY        ; MAX 10                          ; Untyped             ;
; PORT_CLKENA0                  ; PORT_UNUSED                     ; Untyped             ;
; PORT_CLKENA1                  ; PORT_UNUSED                     ; Untyped             ;
; PORT_CLKENA2                  ; PORT_UNUSED                     ; Untyped             ;
; PORT_CLKENA3                  ; PORT_UNUSED                     ; Untyped             ;
; PORT_CLKENA4                  ; PORT_UNUSED                     ; Untyped             ;
; PORT_CLKENA5                  ; PORT_UNUSED                     ; Untyped             ;
; PORT_EXTCLKENA0               ; PORT_CONNECTIVITY               ; Untyped             ;
; PORT_EXTCLKENA1               ; PORT_CONNECTIVITY               ; Untyped             ;
; PORT_EXTCLKENA2               ; PORT_CONNECTIVITY               ; Untyped             ;
; PORT_EXTCLKENA3               ; PORT_CONNECTIVITY               ; Untyped             ;
; PORT_EXTCLK0                  ; PORT_UNUSED                     ; Untyped             ;
; PORT_EXTCLK1                  ; PORT_UNUSED                     ; Untyped             ;
; PORT_EXTCLK2                  ; PORT_UNUSED                     ; Untyped             ;
; PORT_EXTCLK3                  ; PORT_UNUSED                     ; Untyped             ;
; PORT_CLKBAD0                  ; PORT_UNUSED                     ; Untyped             ;
; PORT_CLKBAD1                  ; PORT_UNUSED                     ; Untyped             ;
; PORT_CLK0                     ; PORT_USED                       ; Untyped             ;
; PORT_CLK1                     ; PORT_USED                       ; Untyped             ;
; PORT_CLK2                     ; PORT_USED                       ; Untyped             ;
; PORT_CLK3                     ; PORT_UNUSED                     ; Untyped             ;
; PORT_CLK4                     ; PORT_UNUSED                     ; Untyped             ;
; PORT_CLK5                     ; PORT_UNUSED                     ; Untyped             ;
; PORT_CLK6                     ; PORT_UNUSED                     ; Untyped             ;
; PORT_CLK7                     ; PORT_UNUSED                     ; Untyped             ;
; PORT_CLK8                     ; PORT_UNUSED                     ; Untyped             ;
; PORT_CLK9                     ; PORT_UNUSED                     ; Untyped             ;
; PORT_SCANDATA                 ; PORT_UNUSED                     ; Untyped             ;
; PORT_SCANDATAOUT              ; PORT_UNUSED                     ; Untyped             ;
; PORT_SCANDONE                 ; PORT_UNUSED                     ; Untyped             ;
; PORT_SCLKOUT1                 ; PORT_CONNECTIVITY               ; Untyped             ;
; PORT_SCLKOUT0                 ; PORT_CONNECTIVITY               ; Untyped             ;
; PORT_ACTIVECLOCK              ; PORT_UNUSED                     ; Untyped             ;
; PORT_CLKLOSS                  ; PORT_UNUSED                     ; Untyped             ;
; PORT_INCLK1                   ; PORT_UNUSED                     ; Untyped             ;
; PORT_INCLK0                   ; PORT_USED                       ; Untyped             ;
; PORT_FBIN                     ; PORT_UNUSED                     ; Untyped             ;
; PORT_PLLENA                   ; PORT_UNUSED                     ; Untyped             ;
; PORT_CLKSWITCH                ; PORT_UNUSED                     ; Untyped             ;
; PORT_ARESET                   ; PORT_USED                       ; Untyped             ;
; PORT_PFDENA                   ; PORT_UNUSED                     ; Untyped             ;
; PORT_SCANCLK                  ; PORT_UNUSED                     ; Untyped             ;
; PORT_SCANACLR                 ; PORT_UNUSED                     ; Untyped             ;
; PORT_SCANREAD                 ; PORT_UNUSED                     ; Untyped             ;
; PORT_SCANWRITE                ; PORT_UNUSED                     ; Untyped             ;
; PORT_ENABLE0                  ; PORT_CONNECTIVITY               ; Untyped             ;
; PORT_ENABLE1                  ; PORT_CONNECTIVITY               ; Untyped             ;
; PORT_LOCKED                   ; PORT_USED                       ; Untyped             ;
; PORT_CONFIGUPDATE             ; PORT_UNUSED                     ; Untyped             ;
; PORT_FBOUT                    ; PORT_CONNECTIVITY               ; Untyped             ;
; PORT_PHASEDONE                ; PORT_UNUSED                     ; Untyped             ;
; PORT_PHASESTEP                ; PORT_UNUSED                     ; Untyped             ;
; PORT_PHASEUPDOWN              ; PORT_UNUSED                     ; Untyped             ;
; PORT_SCANCLKENA               ; PORT_UNUSED                     ; Untyped             ;
; PORT_PHASECOUNTERSELECT       ; PORT_UNUSED                     ; Untyped             ;
; PORT_VCOOVERRANGE             ; PORT_CONNECTIVITY               ; Untyped             ;
; PORT_VCOUNDERRANGE            ; PORT_CONNECTIVITY               ; Untyped             ;
; M_TEST_SOURCE                 ; 5                               ; Untyped             ;
; C0_TEST_SOURCE                ; 5                               ; Untyped             ;
; C1_TEST_SOURCE                ; 5                               ; Untyped             ;
; C2_TEST_SOURCE                ; 5                               ; Untyped             ;
; C3_TEST_SOURCE                ; 5                               ; Untyped             ;
; C4_TEST_SOURCE                ; 5                               ; Untyped             ;
; C5_TEST_SOURCE                ; 5                               ; Untyped             ;
; C6_TEST_SOURCE                ; 5                               ; Untyped             ;
; C7_TEST_SOURCE                ; 5                               ; Untyped             ;
; C8_TEST_SOURCE                ; 5                               ; Untyped             ;
; C9_TEST_SOURCE                ; 5                               ; Untyped             ;
; CBXI_PARAMETER                ; VGA_Audio_PLL_altpll            ; Untyped             ;
; VCO_FREQUENCY_CONTROL         ; AUTO                            ; Untyped             ;
; VCO_PHASE_SHIFT_STEP          ; 0                               ; Untyped             ;
; WIDTH_CLOCK                   ; 5                               ; Signed Integer      ;
; WIDTH_PHASECOUNTERSELECT      ; 4                               ; Untyped             ;
; USING_FBMIMICBIDIR_PORT       ; OFF                             ; Untyped             ;
; DEVICE_FAMILY                 ; MAX 10                          ; Untyped             ;
; SCAN_CHAIN_MIF_FILE           ; UNUSED                          ; Untyped             ;
; SIM_GATE_LOCK_DEVICE_BEHAVIOR ; OFF                             ; Untyped             ;
; AUTO_CARRY_CHAINS             ; ON                              ; AUTO_CARRY          ;
; IGNORE_CARRY_BUFFERS          ; OFF                             ; IGNORE_CARRY        ;
; AUTO_CASCADE_CHAINS           ; ON                              ; AUTO_CASCADE        ;
; IGNORE_CASCADE_BUFFERS        ; OFF                             ; IGNORE_CASCADE      ;
+-------------------------------+---------------------------------+---------------------+
Note: In order to hide this table in the UI and the text report file, please set the "Show Parameter Settings in Synthesis Report" option in "Analysis and Synthesis Settings -> More Settings" to "Off".


+--------------------------------------------------------------------------+
; altpll Parameter Settings by Entity Instance                             ;
+-------------------------------+------------------------------------------+
; Name                          ; Value                                    ;
+-------------------------------+------------------------------------------+
; Number of entity instances    ; 1                                        ;
; Entity Instance               ; VGA_Audio_PLL:U2|altpll:altpll_component ;
;     -- OPERATION_MODE         ; NORMAL                                   ;
;     -- PLL_TYPE               ; AUTO                                     ;
;     -- PRIMARY_CLOCK          ; INCLK0                                   ;
;     -- INCLK0_INPUT_FREQUENCY ; 20000                                    ;
;     -- INCLK1_INPUT_FREQUENCY ; 0                                        ;
;     -- VCO_MULTIPLY_BY        ; 0                                        ;
;     -- VCO_DIVIDE_BY          ; 0                                        ;
+-------------------------------+------------------------------------------+


+------------------------------------------------------------------------------------------------------------------+
; Port Connectivity Checks: "VGA_Audio_PLL:U2"                                                                     ;
+--------+--------+----------+-------------------------------------------------------------------------------------+
; Port   ; Type   ; Severity ; Details                                                                             ;
+--------+--------+----------+-------------------------------------------------------------------------------------+
; c1     ; Output ; Info     ; Connected to dangling logic. Logic that only feeds a dangling port will be removed. ;
; c2     ; Output ; Info     ; Connected to dangling logic. Logic that only feeds a dangling port will be removed. ;
; locked ; Output ; Info     ; Connected to dangling logic. Logic that only feeds a dangling port will be removed. ;
+--------+--------+----------+-------------------------------------------------------------------------------------+


+-----------------------------------------------------+
; Post-Synthesis Netlist Statistics for Top Partition ;
+-----------------------+-----------------------------+
; Type                  ; Count                       ;
+-----------------------+-----------------------------+
; boundary_port         ; 27                          ;
; cycloneiii_ff         ; 25                          ;
;     CLR               ; 12                          ;
;     ENA CLR           ; 13                          ;
; cycloneiii_lcell_comb ; 95                          ;
;     arith             ; 18                          ;
;         2 data inputs ; 18                          ;
;     normal            ; 77                          ;
;         1 data inputs ; 4                           ;
;         2 data inputs ; 17                          ;
;         3 data inputs ; 5                           ;
;         4 data inputs ; 51                          ;
; cycloneiii_pll        ; 1                           ;
;                       ;                             ;
; Max LUT depth         ; 6.00                        ;
; Average LUT depth     ; 3.95                        ;
+-----------------------+-----------------------------+


+-------------------------------+
; Elapsed Time Per Partition    ;
+----------------+--------------+
; Partition Name ; Elapsed Time ;
+----------------+--------------+
; Top            ; 00:00:01     ;
+----------------+--------------+


+-------------------------------+
; Analysis & Synthesis Messages ;
+-------------------------------+
Info: *******************************************************************
Info: Running Quartus Prime Analysis & Synthesis
    Info: Version 18.1.0 Build 625 09/12/2018 SJ Lite Edition
    Info: Processing started: Wed Mar 27 11:00:59 2019
Info: Command: quartus_map --read_settings_files=on --write_settings_files=off TP2_Affichag_VGA_DE10-Lite -c TP2_Affichag_VGA_DE10-Lite
Warning (18236): Number of processors has not been specified which may cause overloading on shared machines.  Set the global assignment NUM_PARALLEL_PROCESSORS in your QSF to an appropriate value for best performance.
Info (20030): Parallel compilation is enabled and will use 2 of the 2 processors detected
Info (12021): Found 1 design units, including 1 entities, in source file /users/coren/documents/github/vhdl-tp2/tp2_affichage_vga_de10-lite/src/vga_audio_pll.v
    Info (12023): Found entity 1: VGA_Audio_PLL File: C:/Users/coren/Documents/GitHub/VHDL-TP2/TP2_Affichage_VGA_DE10-Lite/src/VGA_Audio_PLL.v Line: 39
Info (12021): Found 2 design units, including 1 entities, in source file /users/coren/documents/github/vhdl-tp2/tp2_affichage_vga_de10-lite/src/top_level.vhd
    Info (12022): Found design unit 1: top_level-struct File: C:/Users/coren/Documents/GitHub/VHDL-TP2/TP2_Affichage_VGA_DE10-Lite/src/top_level.vhd Line: 21
    Info (12023): Found entity 1: top_level File: C:/Users/coren/Documents/GitHub/VHDL-TP2/TP2_Affichage_VGA_DE10-Lite/src/top_level.vhd Line: 7
Info (12021): Found 2 design units, including 1 entities, in source file /users/coren/documents/github/vhdl-tp2/tp2_affichage_vga_de10-lite/src/syncvh.vhd
    Info (12022): Found design unit 1: SyncVH-RTL File: C:/Users/coren/Documents/GitHub/VHDL-TP2/TP2_Affichage_VGA_DE10-Lite/src/syncVH.vhd Line: 16
    Info (12023): Found entity 1: SyncVH File: C:/Users/coren/Documents/GitHub/VHDL-TP2/TP2_Affichage_VGA_DE10-Lite/src/syncVH.vhd Line: 5
Info (12021): Found 2 design units, including 1 entities, in source file /users/coren/documents/github/vhdl-tp2/tp2_affichage_vga_de10-lite/src/syncgen.vhd
    Info (12022): Found design unit 1: SyncGen-struct File: C:/Users/coren/Documents/GitHub/VHDL-TP2/TP2_Affichage_VGA_DE10-Lite/src/SyncGen.vhd Line: 15
    Info (12023): Found entity 1: SyncGen File: C:/Users/coren/Documents/GitHub/VHDL-TP2/TP2_Affichage_VGA_DE10-Lite/src/SyncGen.vhd Line: 5
Info (12021): Found 2 design units, including 1 entities, in source file /users/coren/documents/github/vhdl-tp2/tp2_affichage_vga_de10-lite/src/rom_image.vhd
    Info (12022): Found design unit 1: rom_image-SYN File: C:/Users/coren/Documents/GitHub/VHDL-TP2/TP2_Affichage_VGA_DE10-Lite/src/ROM_Image.vhd Line: 55
    Info (12023): Found entity 1: ROM_Image File: C:/Users/coren/Documents/GitHub/VHDL-TP2/TP2_Affichage_VGA_DE10-Lite/src/ROM_Image.vhd Line: 43
Info (12021): Found 2 design units, including 1 entities, in source file /users/coren/documents/github/vhdl-tp2/tp2_affichage_vga_de10-lite/src/interface_vga.vhd
    Info (12022): Found design unit 1: interface_vga-struct File: C:/Users/coren/Documents/GitHub/VHDL-TP2/TP2_Affichage_VGA_DE10-Lite/src/interface_vga.vhd Line: 16
    Info (12023): Found entity 1: interface_vga File: C:/Users/coren/Documents/GitHub/VHDL-TP2/TP2_Affichage_VGA_DE10-Lite/src/interface_vga.vhd Line: 5
Info (12021): Found 2 design units, including 1 entities, in source file /users/coren/documents/github/vhdl-tp2/tp2_affichage_vga_de10-lite/src/countvh.vhd
    Info (12022): Found design unit 1: countVH-RTL File: C:/Users/coren/Documents/GitHub/VHDL-TP2/TP2_Affichage_VGA_DE10-Lite/src/countVH.vhd Line: 14
    Info (12023): Found entity 1: countVH File: C:/Users/coren/Documents/GitHub/VHDL-TP2/TP2_Affichage_VGA_DE10-Lite/src/countVH.vhd Line: 5
Info (12021): Found 2 design units, including 1 entities, in source file /users/coren/documents/github/vhdl-tp2/tp2_affichage_vga_de10-lite/src/compteur_adresse.vhd
    Info (12022): Found design unit 1: compteur_adresse-RTL File: C:/Users/coren/Documents/GitHub/VHDL-TP2/TP2_Affichage_VGA_DE10-Lite/src/compteur_adresse.vhd Line: 14
    Info (12023): Found entity 1: compteur_adresse File: C:/Users/coren/Documents/GitHub/VHDL-TP2/TP2_Affichage_VGA_DE10-Lite/src/compteur_adresse.vhd Line: 5
Info (12021): Found 3 design units, including 1 entities, in source file /users/coren/documents/github/vhdl-tp2/tp2_affichage_vga_de10-lite/src/colours.vhd
    Info (12022): Found design unit 1: colours-mire File: C:/Users/coren/Documents/GitHub/VHDL-TP2/TP2_Affichage_VGA_DE10-Lite/src/colours.vhd Line: 17
    Info (12022): Found design unit 2: colours-struct File: C:/Users/coren/Documents/GitHub/VHDL-TP2/TP2_Affichage_VGA_DE10-Lite/src/colours.vhd Line: 107
    Info (12023): Found entity 1: colours File: C:/Users/coren/Documents/GitHub/VHDL-TP2/TP2_Affichage_VGA_DE10-Lite/src/colours.vhd Line: 5
Info (12021): Found 1 design units, including 1 entities, in source file de10_lite_golden_top.v
    Info (12023): Found entity 1: DE10_LITE_Golden_Top File: C:/Users/coren/Documents/GitHub/VHDL-TP2/TP2_Affichage_VGA_DE10-Lite/fit/DE10_LITE_Golden_Top.v Line: 29
Info (12127): Elaborating entity "top_level" for the top level hierarchy
Info (12128): Elaborating entity "interface_vga" for hierarchy "interface_vga:U1" File: C:/Users/coren/Documents/GitHub/VHDL-TP2/TP2_Affichage_VGA_DE10-Lite/src/top_level.vhd Line: 39
Info (12129): Elaborating entity "colours" using architecture "A:mire" for hierarchy "interface_vga:U1|colours:s0" File: C:/Users/coren/Documents/GitHub/VHDL-TP2/TP2_Affichage_VGA_DE10-Lite/src/interface_vga.vhd Line: 20
Info (12128): Elaborating entity "SyncGen" for hierarchy "interface_vga:U1|SyncGen:s1" File: C:/Users/coren/Documents/GitHub/VHDL-TP2/TP2_Affichage_VGA_DE10-Lite/src/interface_vga.vhd Line: 21
Info (12128): Elaborating entity "countVH" for hierarchy "interface_vga:U1|SyncGen:s1|countVH:cvh" File: C:/Users/coren/Documents/GitHub/VHDL-TP2/TP2_Affichage_VGA_DE10-Lite/src/SyncGen.vhd Line: 43
Info (12128): Elaborating entity "SyncVH" for hierarchy "interface_vga:U1|SyncGen:s1|SyncVH:svh" File: C:/Users/coren/Documents/GitHub/VHDL-TP2/TP2_Affichage_VGA_DE10-Lite/src/SyncGen.vhd Line: 50
Info (12128): Elaborating entity "VGA_Audio_PLL" for hierarchy "VGA_Audio_PLL:U2" File: C:/Users/coren/Documents/GitHub/VHDL-TP2/TP2_Affichage_VGA_DE10-Lite/src/top_level.vhd Line: 49
Info (12128): Elaborating entity "altpll" for hierarchy "VGA_Audio_PLL:U2|altpll:altpll_component" File: C:/Users/coren/Documents/GitHub/VHDL-TP2/TP2_Affichage_VGA_DE10-Lite/src/VGA_Audio_PLL.v Line: 111
Info (12130): Elaborated megafunction instantiation "VGA_Audio_PLL:U2|altpll:altpll_component" File: C:/Users/coren/Documents/GitHub/VHDL-TP2/TP2_Affichage_VGA_DE10-Lite/src/VGA_Audio_PLL.v Line: 111
Info (12133): Instantiated megafunction "VGA_Audio_PLL:U2|altpll:altpll_component" with the following parameter: File: C:/Users/coren/Documents/GitHub/VHDL-TP2/TP2_Affichage_VGA_DE10-Lite/src/VGA_Audio_PLL.v Line: 111
    Info (12134): Parameter "bandwidth_type" = "AUTO"
    Info (12134): Parameter "clk0_divide_by" = "2"
    Info (12134): Parameter "clk0_duty_cycle" = "50"
    Info (12134): Parameter "clk0_multiply_by" = "1"
    Info (12134): Parameter "clk0_phase_shift" = "0"
    Info (12134): Parameter "clk1_divide_by" = "25"
    Info (12134): Parameter "clk1_duty_cycle" = "50"
    Info (12134): Parameter "clk1_multiply_by" = "1"
    Info (12134): Parameter "clk1_phase_shift" = "277778"
    Info (12134): Parameter "clk2_divide_by" = "25"
    Info (12134): Parameter "clk2_duty_cycle" = "50"
    Info (12134): Parameter "clk2_multiply_by" = "1"
    Info (12134): Parameter "clk2_phase_shift" = "166667"
    Info (12134): Parameter "compensate_clock" = "CLK0"
    Info (12134): Parameter "inclk0_input_frequency" = "20000"
    Info (12134): Parameter "intended_device_family" = "MAX 10"
    Info (12134): Parameter "lpm_hint" = "CBX_MODULE_PREFIX=VGA_Audio_PLL"
    Info (12134): Parameter "lpm_type" = "altpll"
    Info (12134): Parameter "operation_mode" = "NORMAL"
    Info (12134): Parameter "pll_type" = "AUTO"
    Info (12134): Parameter "port_activeclock" = "PORT_UNUSED"
    Info (12134): Parameter "port_areset" = "PORT_USED"
    Info (12134): Parameter "port_clkbad0" = "PORT_UNUSED"
    Info (12134): Parameter "port_clkbad1" = "PORT_UNUSED"
    Info (12134): Parameter "port_clkloss" = "PORT_UNUSED"
    Info (12134): Parameter "port_clkswitch" = "PORT_UNUSED"
    Info (12134): Parameter "port_configupdate" = "PORT_UNUSED"
    Info (12134): Parameter "port_fbin" = "PORT_UNUSED"
    Info (12134): Parameter "port_inclk0" = "PORT_USED"
    Info (12134): Parameter "port_inclk1" = "PORT_UNUSED"
    Info (12134): Parameter "port_locked" = "PORT_USED"
    Info (12134): Parameter "port_pfdena" = "PORT_UNUSED"
    Info (12134): Parameter "port_phasecounterselect" = "PORT_UNUSED"
    Info (12134): Parameter "port_phasedone" = "PORT_UNUSED"
    Info (12134): Parameter "port_phasestep" = "PORT_UNUSED"
    Info (12134): Parameter "port_phaseupdown" = "PORT_UNUSED"
    Info (12134): Parameter "port_pllena" = "PORT_UNUSED"
    Info (12134): Parameter "port_scanaclr" = "PORT_UNUSED"
    Info (12134): Parameter "port_scanclk" = "PORT_UNUSED"
    Info (12134): Parameter "port_scanclkena" = "PORT_UNUSED"
    Info (12134): Parameter "port_scandata" = "PORT_UNUSED"
    Info (12134): Parameter "port_scandataout" = "PORT_UNUSED"
    Info (12134): Parameter "port_scandone" = "PORT_UNUSED"
    Info (12134): Parameter "port_scanread" = "PORT_UNUSED"
    Info (12134): Parameter "port_scanwrite" = "PORT_UNUSED"
    Info (12134): Parameter "port_clk0" = "PORT_USED"
    Info (12134): Parameter "port_clk1" = "PORT_USED"
    Info (12134): Parameter "port_clk2" = "PORT_USED"
    Info (12134): Parameter "port_clk3" = "PORT_UNUSED"
    Info (12134): Parameter "port_clk4" = "PORT_UNUSED"
    Info (12134): Parameter "port_clk5" = "PORT_UNUSED"
    Info (12134): Parameter "port_clkena0" = "PORT_UNUSED"
    Info (12134): Parameter "port_clkena1" = "PORT_UNUSED"
    Info (12134): Parameter "port_clkena2" = "PORT_UNUSED"
    Info (12134): Parameter "port_clkena3" = "PORT_UNUSED"
    Info (12134): Parameter "port_clkena4" = "PORT_UNUSED"
    Info (12134): Parameter "port_clkena5" = "PORT_UNUSED"
    Info (12134): Parameter "port_extclk0" = "PORT_UNUSED"
    Info (12134): Parameter "port_extclk1" = "PORT_UNUSED"
    Info (12134): Parameter "port_extclk2" = "PORT_UNUSED"
    Info (12134): Parameter "port_extclk3" = "PORT_UNUSED"
    Info (12134): Parameter "self_reset_on_loss_lock" = "OFF"
    Info (12134): Parameter "width_clock" = "5"
Info (12021): Found 1 design units, including 1 entities, in source file db/vga_audio_pll_altpll.v
    Info (12023): Found entity 1: VGA_Audio_PLL_altpll File: C:/Users/coren/Documents/GitHub/VHDL-TP2/TP2_Affichage_VGA_DE10-Lite/fit/db/vga_audio_pll_altpll.v Line: 30
Info (12128): Elaborating entity "VGA_Audio_PLL_altpll" for hierarchy "VGA_Audio_PLL:U2|altpll:altpll_component|VGA_Audio_PLL_altpll:auto_generated" File: c:/intelfpga_lite/18.1/quartus/libraries/megafunctions/altpll.tdf Line: 897
Info (13000): Registers with preset signals will power-up high File: C:/Users/coren/Documents/GitHub/VHDL-TP2/TP2_Affichage_VGA_DE10-Lite/src/syncVH.vhd Line: 11
Info (13003): DEV_CLRn pin will set, and not reset, register with preset signal due to NOT Gate Push-Back
Info (286030): Timing-Driven Synthesis is running
Info (16010): Generating hard_block partition "hard_block:auto_generated_inst"
    Info (16011): Adding 1 node(s), including 0 DDIO, 1 PLL, 0 transceiver and 0 LCELL
Warning (15899): PLL "VGA_Audio_PLL:U2|altpll:altpll_component|VGA_Audio_PLL_altpll:auto_generated|pll1" has parameters clk1_multiply_by and clk1_divide_by specified but port CLK[1] is not connected File: C:/Users/coren/Documents/GitHub/VHDL-TP2/TP2_Affichage_VGA_DE10-Lite/fit/db/vga_audio_pll_altpll.v Line: 50
Warning (21074): Design contains 10 input pin(s) that do not drive logic
    Warning (15610): No output dependent on input pin "KEY[1]" File: C:/Users/coren/Documents/GitHub/VHDL-TP2/TP2_Affichage_VGA_DE10-Lite/src/top_level.vhd Line: 11
    Warning (15610): No output dependent on input pin "SW[1]" File: C:/Users/coren/Documents/GitHub/VHDL-TP2/TP2_Affichage_VGA_DE10-Lite/src/top_level.vhd Line: 12
    Warning (15610): No output dependent on input pin "SW[2]" File: C:/Users/coren/Documents/GitHub/VHDL-TP2/TP2_Affichage_VGA_DE10-Lite/src/top_level.vhd Line: 12
    Warning (15610): No output dependent on input pin "SW[3]" File: C:/Users/coren/Documents/GitHub/VHDL-TP2/TP2_Affichage_VGA_DE10-Lite/src/top_level.vhd Line: 12
    Warning (15610): No output dependent on input pin "SW[4]" File: C:/Users/coren/Documents/GitHub/VHDL-TP2/TP2_Affichage_VGA_DE10-Lite/src/top_level.vhd Line: 12
    Warning (15610): No output dependent on input pin "SW[5]" File: C:/Users/coren/Documents/GitHub/VHDL-TP2/TP2_Affichage_VGA_DE10-Lite/src/top_level.vhd Line: 12
    Warning (15610): No output dependent on input pin "SW[6]" File: C:/Users/coren/Documents/GitHub/VHDL-TP2/TP2_Affichage_VGA_DE10-Lite/src/top_level.vhd Line: 12
    Warning (15610): No output dependent on input pin "SW[7]" File: C:/Users/coren/Documents/GitHub/VHDL-TP2/TP2_Affichage_VGA_DE10-Lite/src/top_level.vhd Line: 12
    Warning (15610): No output dependent on input pin "SW[8]" File: C:/Users/coren/Documents/GitHub/VHDL-TP2/TP2_Affichage_VGA_DE10-Lite/src/top_level.vhd Line: 12
    Warning (15610): No output dependent on input pin "SW[9]" File: C:/Users/coren/Documents/GitHub/VHDL-TP2/TP2_Affichage_VGA_DE10-Lite/src/top_level.vhd Line: 12
Info (21057): Implemented 122 device resources after synthesis - the final resource count might be different
    Info (21058): Implemented 13 input pins
    Info (21059): Implemented 14 output pins
    Info (21061): Implemented 94 logic cells
    Info (21065): Implemented 1 PLLs
Info: Quartus Prime Analysis & Synthesis was successful. 0 errors, 13 warnings
    Info: Peak virtual memory: 4821 megabytes
    Info: Processing ended: Wed Mar 27 11:01:21 2019
    Info: Elapsed time: 00:00:22
    Info: Total CPU time (on all processors): 00:00:36


